<?xml version="1.0" encoding="UTF-8"?>
<!-- Generated by org.testng.reporters.JUnitXMLReporter -->
<testsuite ignored="1" hostname="DESKTOP-NJTSLK5" failures="0" tests="3" name="Default test" time="46.155" errors="0" timestamp="2022-10-21T10:51:22 IST">
  <testcase classname="TestCases.LoginPageTest" name="loginToApp1Test" time="0.791"/>
  <testcase classname="TestCases.LoginPageTest" name="verifyTitleTest" time="0.016"/>
  <testcase classname="TestCases.LoginPageTest" name="verifyUrlTest" time="0.016"/>
  <testcase classname="TestCases.LoginPageTest" name="loginToApp2Test" time="0.0">
    <ignored/>
  </testcase> <!-- loginToApp2Test -->
</testsuite> <!-- Default test -->
