<?xml version="1.0" encoding="UTF-8"?>
<!-- Generated by org.testng.reporters.JUnitXMLReporter -->
<testsuite ignored="2" hostname="DESKTOP-NJTSLK5" failures="0" tests="2" name="Test" time="1351.922" errors="0" timestamp="2022-11-05T21:10:46 IST">
  <testcase classname="TestCases.GroupTest" name="loginToApp2Test" time="0.73"/>
  <testcase classname="TestCases.GroupTest" name="verifyUrlTest" time="0.014"/>
  <testcase classname="TestCases.GroupTest" name="verifyTitleTest" time="0.0">
    <ignored/>
  </testcase> <!-- verifyTitleTest -->
  <testcase classname="TestCases.GroupTest" name="loginToApp1Test" time="0.0">
    <ignored/>
  </testcase> <!-- loginToApp1Test -->
</testsuite> <!-- Test -->
