<?xml version="1.0" encoding="UTF-8"?>
<testng-results ignored="2" total="4" passed="2" failed="0" skipped="0">
  <reporter-output>
  </reporter-output>
  <suite started-at="2022-11-05T20:48:14 IST" name="Suite" finished-at="2022-11-05T21:10:46 IST" duration-ms="1351922">
    <groups>
      <group name="Sanity">
        <method signature="GroupTest.loginToApp2Test()[pri:0, instance:TestCases.GroupTest@2d710f1a]" name="loginToApp2Test" class="TestCases.GroupTest"/>
        <method signature="GroupTest.verifyUrlTest()[pri:0, instance:TestCases.GroupTest@2d710f1a]" name="verifyUrlTest" class="TestCases.GroupTest"/>
      </group> <!-- Sanity -->
    </groups>
    <test started-at="2022-11-05T20:48:14 IST" name="Test" finished-at="2022-11-05T21:10:46 IST" duration-ms="1351922">
      <class name="TestCases.GroupTest">
        <test-method is-config="true" signature="setup()[pri:0, instance:TestCases.GroupTest@2d710f1a]" started-at="2022-11-05T20:48:14 IST" name="setup" finished-at="2022-11-05T21:10:11 IST" duration-ms="1316206" status="PASS">
          <reporter-output>
          </reporter-output>
        </test-method> <!-- setup -->
        <test-method signature="loginToApp2Test()[pri:0, instance:TestCases.GroupTest@2d710f1a]" started-at="2022-11-05T21:10:11 IST" name="loginToApp2Test" finished-at="2022-11-05T21:10:11 IST" duration-ms="730" status="PASS">
          <reporter-output>
          </reporter-output>
        </test-method> <!-- loginToApp2Test -->
        <test-method is-config="true" signature="closeBrower(org.testng.ITestResult)[pri:0, instance:TestCases.GroupTest@2d710f1a]" started-at="2022-11-05T21:10:11 IST" name="closeBrower" finished-at="2022-11-05T21:10:12 IST" duration-ms="386" status="PASS">
          <params>
            <param index="0">
              <value>
                <![CDATA[[TestResult name=loginToApp2Test status=SUCCESS method=GroupTest.loginToApp2Test()[pri:0, instance:TestCases.GroupTest@2d710f1a] output={null}]]]>
              </value>
            </param>
          </params>
          <reporter-output>
          </reporter-output>
        </test-method> <!-- closeBrower -->
        <test-method is-config="true" signature="setup()[pri:0, instance:TestCases.GroupTest@2d710f1a]" started-at="2022-11-05T21:10:12 IST" name="setup" finished-at="2022-11-05T21:10:46 IST" duration-ms="34268" status="PASS">
          <reporter-output>
          </reporter-output>
        </test-method> <!-- setup -->
        <test-method signature="verifyUrlTest()[pri:0, instance:TestCases.GroupTest@2d710f1a]" started-at="2022-11-05T21:10:46 IST" name="verifyUrlTest" finished-at="2022-11-05T21:10:46 IST" duration-ms="14" status="PASS">
          <reporter-output>
          </reporter-output>
        </test-method> <!-- verifyUrlTest -->
        <test-method is-config="true" signature="closeBrower(org.testng.ITestResult)[pri:0, instance:TestCases.GroupTest@2d710f1a]" started-at="2022-11-05T21:10:46 IST" name="closeBrower" finished-at="2022-11-05T21:10:46 IST" duration-ms="244" status="PASS">
          <params>
            <param index="0">
              <value>
                <![CDATA[[TestResult name=verifyUrlTest status=SUCCESS method=GroupTest.verifyUrlTest()[pri:0, instance:TestCases.GroupTest@2d710f1a] output={null}]]]>
              </value>
            </param>
          </params>
          <reporter-output>
          </reporter-output>
        </test-method> <!-- closeBrower -->
      </class> <!-- TestCases.GroupTest -->
    </test> <!-- Test -->
  </suite> <!-- Suite -->
</testng-results>
